<?xml version="1.0" encoding="UTF-8"?>
<testsuite name="recruiting.RecruitingPlayerRecordTest" tests="4" skipped="0" failures="0" errors="0" timestamp="2026-04-23T22:57:00" hostname="DESKTOP-TNJHVG0" time="0.002">
  <properties/>
  <testcase name="recruitCsvRoundTrip_parsesCoreFields" classname="recruiting.RecruitingPlayerRecordTest" time="0.001"/>
  <testcase name="isGraduating_trueForFifthYearFlag" classname="recruiting.RecruitingPlayerRecordTest" time="0.0"/>
  <testcase name="listKey_dropsScoutFlag" classname="recruiting.RecruitingPlayerRecordTest" time="0.0"/>
  <testcase name="rosterCsv_parsesSeniorCorrectly" classname="recruiting.RecruitingPlayerRecordTest" time="0.0"/>
  <system-out><![CDATA[]]></system-out>
  <system-err><![CDATA[]]></system-err>
</testsuite>
